{
  "RSpec": {
    "coverage": {
      "/Users/k_end/workspace/personal/hashlog/app/jobs/add_tweets_job.rb": {
        "lines": [
          1,
          1,
          null,
          1,
          0,
          0,
          null,
          null,
          1,
          0,
          0,
          0,
          null,
          null
        ]
      },
      "/Users/k_end/workspace/personal/hashlog/app/jobs/application_job.rb": {
        "lines": [
          1,
          1,
          null
        ]
      },
      "/Users/k_end/workspace/personal/hashlog/app/jobs/logger_helper.rb": {
        "lines": [
          1,
          1,
          null,
          1,
          2,
          2,
          2,
          2,
          2,
          2,
          null,
          null
        ]
      },
      "/Users/k_end/workspace/personal/hashlog/app/jobs/remind_reply_job.rb": {
        "lines": [
          1,
          1,
          null,
          null,
          null,
          null,
          null,
          null,
          null,
          1,
          0,
          0,
          null,
          null
        ]
      },
      "/Users/k_end/workspace/personal/hashlog/app/models/authentication.rb": {
        "lines": [
          1,
          1,
          null
        ]
      },
      "/Users/k_end/workspace/personal/hashlog/app/models/application_record.rb": {
        "lines": [
          1,
          1,
          null
        ]
      },
      "/Users/k_end/workspace/personal/hashlog/app/models/registered_tag.rb": {
        "lines": [
          1,
          1,
          null,
          1,
          1,
          1,
          null,
          1,
          1,
          1,
          1,
          null,
          1,
          null,
          22,
          23,
          26,
          null,
          1,
          395,
          null,
          null,
          1,
          388,
          null,
          null,
          1,
          5,
          null,
          null,
          1,
          357,
          null,
          null,
          1,
          354,
          null,
          null,
          1,
          1,
          null,
          null,
          1,
          5,
          null,
          5,
          1,
          1,
          null,
          null,
          4,
          null,
          3,
          3,
          null,
          null,
          1,
          14,
          14,
          24,
          null,
          null,
          null,
          1,
          5,
          5,
          7,
          null,
          null,
          null,
          1,
          21,
          null,
          null,
          1,
          null,
          1,
          950,
          null,
          null,
          1,
          896,
          null,
          null
        ]
      },
      "/Users/k_end/workspace/personal/hashlog/app/models/tag.rb": {
        "lines": [
          1,
          1,
          1,
          null,
          1,
          null,
          null,
          13,
          null
        ]
      },
      "/Users/k_end/workspace/personal/hashlog/app/models/tweet.rb": {
        "lines": [
          1,
          1,
          null,
          1,
          1,
          1,
          1,
          null,
          438,
          1,
          389,
          389,
          null,
          9,
          null,
          1,
          397,
          null,
          null,
          1,
          19,
          null,
          null
        ]
      },
      "/Users/k_end/workspace/personal/hashlog/app/models/user.rb": {
        "lines": [
          1,
          1,
          1,
          null,
          1,
          1,
          1,
          1,
          1,
          null,
          1,
          1,
          1,
          1,
          1,
          1,
          null,
          1,
          1,
          null,
          null,
          1,
          10,
          10,
          null,
          null,
          10,
          null,
          null,
          null,
          null,
          1,
          20,
          20,
          14,
          14,
          12,
          10,
          10,
          null,
          8,
          8,
          null,
          null,
          null,
          null,
          1,
          2,
          null,
          null,
          1,
          null,
          1,
          1177,
          1177,
          1177,
          null,
          null,
          null,
          1,
          1204,
          1212,
          null,
          null
        ]
      },
      "/Users/k_end/workspace/personal/hashlog/app/services/twitter_api.rb": {
        "lines": [
          1,
          1,
          1,
          null,
          1,
          3,
          null,
          null,
          1,
          3,
          12,
          null,
          null,
          null,
          1,
          null,
          1,
          null,
          1,
          0,
          0,
          null,
          null,
          1,
          0,
          0,
          0,
          null,
          null,
          null,
          null,
          1,
          1,
          null,
          1,
          32,
          32,
          32,
          32,
          32,
          null,
          null,
          null,
          null,
          1,
          29,
          null,
          18,
          null,
          3,
          null,
          8,
          null,
          27,
          null,
          null,
          67,
          67,
          null,
          null,
          null,
          1,
          null,
          1,
          null,
          1,
          17,
          17,
          null,
          30,
          30,
          null,
          null,
          null,
          null,
          1,
          2,
          2,
          null,
          null,
          28,
          null,
          28,
          28,
          null,
          null,
          null,
          null,
          1,
          7,
          7,
          null,
          9,
          9,
          null,
          null,
          null,
          null,
          null
        ]
      },
      "/Users/k_end/workspace/personal/hashlog/app/services/twitter_api_client.rb": {
        "lines": [
          1,
          null,
          1,
          1,
          53,
          29,
          29,
          29,
          29,
          29,
          null,
          null,
          29,
          null,
          null,
          null,
          null
        ]
      },
      "/Users/k_end/workspace/personal/hashlog/app/controllers/development/sessions_controller.rb": {
        "lines": [
          1,
          1,
          64,
          64,
          64,
          null,
          null
        ]
      },
      "/Users/k_end/workspace/personal/hashlog/app/controllers/api/v1/registered_tags_controller.rb": {
        "lines": [
          1,
          1,
          null,
          1,
          19,
          19,
          2,
          null,
          17,
          null,
          19,
          null,
          null,
          1,
          14,
          14,
          10,
          null,
          null,
          1,
          8,
          8,
          3,
          3,
          null,
          null,
          3,
          null,
          null,
          null,
          null,
          3,
          null,
          null,
          null,
          1,
          12,
          9,
          9,
          null,
          9,
          3,
          null,
          null,
          6,
          null,
          null,
          null,
          null,
          6,
          null,
          null,
          null,
          1,
          4,
          2,
          null,
          null,
          1,
          null,
          1,
          26,
          26,
          null,
          null
        ]
      },
      "/Users/k_end/workspace/personal/hashlog/app/controllers/api/v1/base_controller.rb": {
        "lines": [
          1,
          null,
          1,
          1,
          1,
          118,
          null,
          1,
          1,
          1,
          null,
          1,
          null,
          1,
          36,
          36,
          null,
          null,
          1,
          null,
          10,
          null,
          null,
          null,
          10,
          null,
          null,
          1,
          null,
          16,
          null,
          null,
          null,
          16,
          null,
          null,
          1,
          null,
          5,
          null,
          null,
          null,
          5,
          null,
          null,
          1,
          null,
          2,
          null,
          null,
          null,
          2,
          null,
          null
        ]
      },
      "/Users/k_end/workspace/personal/hashlog/app/controllers/application_controller.rb": {
        "lines": [
          1,
          null
        ]
      },
      "/Users/k_end/workspace/personal/hashlog/app/loyalties/api/v1/registered_tags_loyalty.rb": {
        "lines": [
          1,
          1,
          36,
          36,
          null,
          null,
          1,
          36,
          26,
          null,
          null,
          1,
          null,
          1,
          null
        ]
      },
      "/Users/k_end/workspace/personal/hashlog/app/loyalties/application_loyalty.rb": {
        "lines": [
          1,
          1,
          null,
          1,
          0,
          0,
          null,
          null,
          1,
          0,
          null,
          null,
          1,
          0,
          null,
          null,
          1,
          0,
          null,
          null,
          1,
          0,
          null,
          null,
          1,
          0,
          null,
          null,
          1,
          0,
          null,
          null,
          1,
          0,
          null,
          null
        ]
      },
      "/Users/k_end/workspace/personal/hashlog/app/serializers/registered_tag_serializer.rb": {
        "lines": [
          1,
          1,
          null,
          1,
          1,
          null,
          1,
          352,
          null,
          null,
          1,
          352,
          null,
          null,
          1,
          1,
          null,
          null
        ]
      },
      "/Users/k_end/workspace/personal/hashlog/app/serializers/tag_serializer.rb": {
        "lines": [
          1,
          1,
          null
        ]
      },
      "/Users/k_end/workspace/personal/hashlog/app/serializers/user_serializer.rb": {
        "lines": [
          1,
          1,
          null,
          1,
          153,
          null,
          null,
          1,
          153,
          null,
          null
        ]
      },
      "/Users/k_end/workspace/personal/hashlog/app/controllers/api/v1/tweets_controller.rb": {
        "lines": [
          1,
          1,
          22,
          22,
          18,
          18,
          4,
          4,
          null,
          18,
          18,
          null,
          null
        ]
      },
      "/Users/k_end/workspace/personal/hashlog/app/loyalties/api/v1/tweets_loyalty.rb": {
        "lines": [
          1,
          1,
          22,
          22,
          null,
          null,
          1,
          22,
          null,
          null,
          1,
          null,
          1,
          null
        ]
      },
      "/Users/k_end/workspace/personal/hashlog/app/controllers/api/v1/users/currents_controller.rb": {
        "lines": [
          1,
          1,
          null,
          null,
          1,
          4,
          null,
          null,
          1,
          8,
          6,
          6,
          6,
          4,
          null,
          null,
          2,
          null,
          null,
          null,
          null,
          2,
          null,
          null,
          null,
          1,
          4,
          2,
          null,
          null,
          1,
          null,
          1,
          6,
          null,
          null
        ]
      },
      "/Users/k_end/workspace/personal/hashlog/app/loyalties/api/v1/users/currents_loyalty.rb": {
        "lines": [
          1,
          1,
          12,
          12,
          null,
          null,
          1,
          8,
          null,
          null,
          1,
          4,
          null,
          null,
          1,
          null,
          1,
          null
        ]
      },
      "/Users/k_end/workspace/personal/hashlog/app/controllers/api/v1/users/registered_tags_controller.rb": {
        "lines": [
          1,
          1,
          17,
          17,
          14,
          14,
          null,
          null
        ]
      },
      "/Users/k_end/workspace/personal/hashlog/app/loyalties/api/v1/users/registered_tags_loyalty.rb": {
        "lines": [
          1,
          1,
          17,
          17,
          null,
          null,
          1,
          17,
          null,
          null,
          1,
          null,
          1,
          null
        ]
      },
      "/Users/k_end/workspace/personal/hashlog/app/controllers/api/v1/users_controller.rb": {
        "lines": [
          1,
          1,
          7,
          7,
          null,
          null,
          1,
          5,
          5,
          4,
          null,
          null
        ]
      },
      "/Users/k_end/workspace/personal/hashlog/app/loyalties/api/v1/users_loyalty.rb": {
        "lines": [
          1,
          1,
          5,
          5,
          null,
          null,
          1,
          5,
          null,
          null,
          1,
          null,
          1,
          null
        ]
      },
      "/Users/k_end/workspace/personal/hashlog/app/controllers/static_pages_controller.rb": {
        "lines": [
          1,
          1,
          null,
          1,
          1,
          null,
          null
        ]
      },
      "/Users/k_end/workspace/personal/hashlog/app/controllers/api/v1/tags_controller.rb": {
        "lines": [
          1,
          1,
          8,
          2,
          null,
          6,
          null,
          8,
          null,
          null
        ]
      },
      "/Users/k_end/workspace/personal/hashlog/app/serializers/tweet_serializer.rb": {
        "lines": [
          1,
          1,
          null
        ]
      },
      "/Users/k_end/workspace/personal/hashlog/app/controllers/api/v1/user_sessions_controller.rb": {
        "lines": [
          1,
          1,
          null,
          1,
          2,
          null,
          null,
          1,
          3,
          3,
          3,
          null,
          null
        ]
      },
      "/Users/k_end/workspace/personal/hashlog/app/controllers/api/v1/users/current/registered_tags_controller.rb": {
        "lines": [
          1,
          1,
          null,
          1,
          3,
          3,
          3,
          null,
          null
        ]
      },
      "/Users/k_end/workspace/personal/hashlog/app/mailers/application_mailer.rb": {
        "lines": [
          0,
          0,
          0,
          0
        ],
        "branches": {
        }
      },
      "/Users/k_end/workspace/personal/hashlog/app/loyalties/admin/application_loyalty.rb": {
        "lines": [
          0,
          0,
          0,
          0,
          null,
          0,
          0,
          0,
          null,
          0,
          null,
          0,
          0
        ],
        "branches": {
        }
      },
      "/Users/k_end/workspace/personal/hashlog/app/dashboards/tag_dashboard.rb": {
        "lines": [
          0,
          null,
          0,
          null,
          null,
          null,
          null,
          null,
          null,
          0,
          0,
          0,
          0,
          0,
          0,
          0,
          0,
          null,
          null,
          null,
          null,
          null,
          null,
          0,
          0,
          0,
          0,
          0,
          0,
          null,
          null,
          null,
          0,
          0,
          0,
          0,
          0,
          0,
          0,
          0,
          null,
          null,
          null,
          null,
          0,
          0,
          0,
          0,
          0,
          null,
          null,
          null,
          null,
          null,
          null,
          null,
          null,
          null,
          null,
          null,
          0,
          null,
          null,
          null,
          null,
          0,
          0,
          0,
          0
        ],
        "branches": {
        }
      },
      "/Users/k_end/workspace/personal/hashlog/app/dashboards/user_dashboard.rb": {
        "lines": [
          0,
          null,
          0,
          null,
          null,
          null,
          null,
          null,
          null,
          0,
          0,
          0,
          0,
          0,
          0,
          0,
          0,
          0,
          0,
          0,
          0,
          0,
          0,
          0,
          0,
          null,
          null,
          null,
          null,
          null,
          null,
          0,
          0,
          0,
          0,
          0,
          0,
          0,
          0,
          0,
          null,
          null,
          null,
          0,
          0,
          0,
          0,
          0,
          0,
          0,
          0,
          0,
          0,
          0,
          0,
          0,
          0,
          0,
          0,
          null,
          null,
          null,
          null,
          0,
          0,
          0,
          0,
          0,
          0,
          0,
          0,
          0,
          0,
          0,
          null,
          null,
          null,
          null,
          null,
          null,
          null,
          null,
          null,
          null,
          null,
          0,
          null,
          null,
          null,
          null,
          0,
          0,
          0,
          0
        ],
        "branches": {
        }
      },
      "/Users/k_end/workspace/personal/hashlog/app/dashboards/registered_tag_dashboard.rb": {
        "lines": [
          0,
          null,
          0,
          null,
          null,
          null,
          null,
          null,
          null,
          0,
          0,
          0,
          0,
          0,
          0,
          0,
          0,
          0,
          0,
          0,
          null,
          null,
          null,
          null,
          null,
          null,
          0,
          0,
          0,
          0,
          0,
          0,
          0,
          0,
          null,
          null,
          null,
          0,
          0,
          0,
          0,
          0,
          0,
          0,
          0,
          0,
          0,
          0,
          null,
          null,
          null,
          null,
          0,
          0,
          0,
          0,
          0,
          0,
          0,
          0,
          null,
          null,
          null,
          null,
          null,
          null,
          null,
          null,
          null,
          null,
          null,
          0,
          null,
          null,
          null,
          null,
          0,
          0,
          0,
          0
        ],
        "branches": {
        }
      },
      "/Users/k_end/workspace/personal/hashlog/app/dashboards/authentication_dashboard.rb": {
        "lines": [
          0,
          null,
          0,
          null,
          null,
          null,
          null,
          null,
          null,
          0,
          0,
          0,
          0,
          0,
          0,
          0,
          0,
          null,
          null,
          null,
          null,
          null,
          null,
          0,
          0,
          0,
          0,
          0,
          0,
          null,
          null,
          null,
          0,
          0,
          0,
          0,
          0,
          0,
          0,
          0,
          null,
          null,
          null,
          null,
          0,
          0,
          0,
          0,
          0,
          null,
          null,
          null,
          null,
          null,
          null,
          null,
          null,
          null,
          null,
          null,
          0,
          null,
          null,
          null,
          null,
          null,
          null,
          null,
          0
        ],
        "branches": {
        }
      },
      "/Users/k_end/workspace/personal/hashlog/app/dashboards/tweet_dashboard.rb": {
        "lines": [
          0,
          null,
          0,
          null,
          null,
          null,
          null,
          null,
          null,
          0,
          0,
          0,
          0,
          0,
          0,
          0,
          0,
          0,
          null,
          null,
          null,
          null,
          null,
          null,
          0,
          0,
          0,
          0,
          0,
          0,
          0,
          null,
          null,
          null,
          0,
          0,
          0,
          0,
          0,
          0,
          0,
          0,
          0,
          null,
          null,
          null,
          null,
          0,
          0,
          0,
          0,
          0,
          0,
          null,
          null,
          null,
          null,
          null,
          null,
          null,
          null,
          null,
          null,
          null,
          0,
          null,
          null,
          null,
          null,
          null,
          null,
          null,
          0
        ],
        "branches": {
        }
      },
      "/Users/k_end/workspace/personal/hashlog/app/controllers/admin/application_controller.rb": {
        "lines": [
          null,
          null,
          null,
          null,
          null,
          null,
          0,
          0,
          0,
          null,
          0,
          0,
          0,
          null,
          null,
          null,
          null,
          null,
          null,
          0
        ],
        "branches": {
        }
      },
      "/Users/k_end/workspace/personal/hashlog/app/controllers/admin/tags_controller.rb": {
        "lines": [
          0,
          null,
          null,
          null,
          null,
          null,
          null,
          null,
          null,
          null,
          null,
          null,
          null,
          null,
          null,
          null,
          null,
          null,
          null,
          null,
          null,
          null,
          null,
          null,
          null,
          null,
          null,
          null,
          null,
          null,
          null,
          null,
          null,
          null,
          null,
          null,
          null,
          null,
          null,
          null,
          null,
          null,
          null,
          0
        ],
        "branches": {
        }
      },
      "/Users/k_end/workspace/personal/hashlog/app/controllers/admin/authentications_controller.rb": {
        "lines": [
          0,
          null,
          null,
          null,
          null,
          null,
          null,
          null,
          null,
          null,
          null,
          null,
          null,
          null,
          null,
          null,
          null,
          null,
          null,
          null,
          null,
          null,
          null,
          null,
          null,
          null,
          null,
          null,
          null,
          null,
          null,
          null,
          null,
          null,
          null,
          null,
          null,
          null,
          null,
          null,
          null,
          null,
          null,
          0
        ],
        "branches": {
        }
      },
      "/Users/k_end/workspace/personal/hashlog/app/controllers/admin/registered_tags_controller.rb": {
        "lines": [
          0,
          null,
          null,
          null,
          null,
          null,
          null,
          null,
          null,
          null,
          null,
          null,
          null,
          null,
          null,
          null,
          null,
          null,
          null,
          null,
          null,
          null,
          null,
          null,
          null,
          null,
          null,
          null,
          null,
          null,
          null,
          null,
          null,
          null,
          null,
          null,
          null,
          null,
          null,
          null,
          null,
          null,
          null,
          0
        ],
        "branches": {
        }
      },
      "/Users/k_end/workspace/personal/hashlog/app/controllers/admin/users_controller.rb": {
        "lines": [
          0,
          null,
          null,
          null,
          null,
          null,
          null,
          null,
          null,
          null,
          null,
          null,
          null,
          null,
          null,
          null,
          null,
          null,
          null,
          null,
          null,
          null,
          null,
          null,
          null,
          null,
          null,
          null,
          null,
          null,
          null,
          null,
          null,
          null,
          null,
          null,
          null,
          null,
          null,
          null,
          null,
          null,
          null,
          0
        ],
        "branches": {
        }
      },
      "/Users/k_end/workspace/personal/hashlog/app/controllers/admin/tweets_controller.rb": {
        "lines": [
          0,
          null,
          null,
          null,
          null,
          null,
          null,
          null,
          null,
          null,
          null,
          null,
          null,
          null,
          null,
          null,
          null,
          null,
          null,
          null,
          null,
          null,
          null,
          null,
          null,
          null,
          null,
          null,
          null,
          null,
          null,
          null,
          null,
          null,
          null,
          null,
          null,
          null,
          null,
          null,
          null,
          null,
          null,
          0
        ],
        "branches": {
        }
      },
      "/Users/k_end/workspace/personal/hashlog/app/controllers/api/v1/oauths_controller.rb": {
        "lines": [
          0,
          0,
          0,
          0,
          null,
          0,
          0,
          0,
          0,
          0,
          0,
          0,
          null,
          0,
          0,
          0,
          null,
          0,
          null,
          0,
          0,
          0,
          null,
          0,
          0,
          0,
          0,
          0,
          0
        ],
        "branches": {
        }
      },
      "/Users/k_end/workspace/personal/hashlog/app/helpers/application_helper.rb": {
        "lines": [
          0,
          0
        ],
        "branches": {
        }
      },
      "/Users/k_end/workspace/personal/hashlog/app/channels/application_cable/connection.rb": {
        "lines": [
          0,
          0,
          0,
          0
        ],
        "branches": {
        }
      },
      "/Users/k_end/workspace/personal/hashlog/app/channels/application_cable/channel.rb": {
        "lines": [
          0,
          0,
          0,
          0
        ],
        "branches": {
        }
      }
    },
    "timestamp": 1591600502
  }
}
